e:\c++学习\c语言c++学习指南（零基础入门）邵发\hello\hello\debug\vc120.pdb
e:\c++学习\c语言c++学习指南（零基础入门）邵发\hello\hello\debug\vc120.idb
e:\c++学习\c语言c++学习指南（零基础入门）邵发\hello\hello\debug\main-7test.obj
e:\c++学习\c语言c++学习指南（零基础入门）邵发\hello\hello\debug\main1.obj
e:\c++学习\c语言c++学习指南（零基础入门）邵发\hello\hello\debug\main4.obj
e:\c++学习\c语言c++学习指南（零基础入门）邵发\hello\hello\debug\main6.obj
e:\c++学习\c语言c++学习指南（零基础入门）邵发\hello\hello\debug\main7.obj
e:\c++学习\c语言c++学习指南（零基础入门）邵发\hello\hello\debug\mian5-train.obj
e:\c++学习\c语言c++学习指南（零基础入门）邵发\hello\hello\debug\mian7-train.obj
e:\c++学习\c语言c++学习指南（零基础入门）邵发\hello\hello\debug\train.obj
e:\c++学习\c语言c++学习指南（零基础入门）邵发\hello\hello\debug\mian8.obj
e:\c++学习\c语言c++学习指南（零基础入门）邵发\hello\hello\debug\main8-test.obj
e:\c++学习\c语言c++学习指南（零基础入门）邵发\hello\hello\debug\main8-test1.obj
e:\c++学习\c语言c++学习指南（零基础入门）邵发\hello\hello\debug\main9.obj
e:\c++学习\c语言c++学习指南（零基础入门）邵发\hello\hello\debug\main9-test.obj
e:\c++学习\c语言c++学习指南（零基础入门）邵发\hello\debug\hello.ilk
e:\c++学习\c语言c++学习指南（零基础入门）邵发\hello\debug\hello.exe
e:\c++学习\c语言c++学习指南（零基础入门）邵发\hello\debug\hello.pdb
e:\c++学习\c语言c++学习指南（零基础入门）邵发\hello\hello\debug\hello.tlog\cl.command.1.tlog
e:\c++学习\c语言c++学习指南（零基础入门）邵发\hello\hello\debug\hello.tlog\cl.read.1.tlog
e:\c++学习\c语言c++学习指南（零基础入门）邵发\hello\hello\debug\hello.tlog\cl.write.1.tlog
e:\c++学习\c语言c++学习指南（零基础入门）邵发\hello\hello\debug\hello.tlog\link.command.1.tlog
e:\c++学习\c语言c++学习指南（零基础入门）邵发\hello\hello\debug\hello.tlog\link.read.1.tlog
e:\c++学习\c语言c++学习指南（零基础入门）邵发\hello\hello\debug\hello.tlog\link.write.1.tlog
